C51 COMPILER V9.59.0.0   UART                                                              04/15/2023 19:23:46 PAGE 1   


C51 COMPILER V9.59.0.0, COMPILATION OF MODULE UART
OBJECT MODULE PLACED IN .\Objects\uart.obj
COMPILER INVOKED BY: D:\keil\keil_mdk\C51\BIN\C51.EXE uart.c LARGE OMF2 OPTIMIZE(8,SPEED) BROWSE DEBUG PRINT(.\Listings\
                    -uart.lst) OBJECT(.\Objects\uart.obj)

line level    source

   1          #include "uart.h"
   2          bit busy;
   3          
   4          void Uart01_Init(void)          //9600bps@11.0592MHz
   5          {
   6   1      
   7   1              SCON = 0x50;            //8位数据,可变波特率
   8   1              AUXR |= 0x40;           //定时器时钟1T模式
   9   1              AUXR &= 0xFE;           //串口1选择定时器1为波特率发生器
  10   1              TMOD &= 0x0F;           //设置定时器模式
  11   1              TL1 = 0xE0;             //设置定时初始值
  12   1              TH1 = 0xFE;             //设置定时初始值
  13   1              ET1 = 0;                //禁止定时器%d中断
  14   1              TR1 = 1;                //定时器1开始计时
  15   1      
  16   1          ES = 1;
  17   1          EA = 1;     //开启定时器
  18   1      }
  19          
  20          void Uart01_SendByte(u8 _data)
  21          {
  22   1          SBUF = _data;
  23   1          while(TI == 0);
  24   1          TI = 0;
  25   1      }
  26          
  27          void Uart01_SendString(u8 *str)
  28          {
  29   1              while(*str !='\0')              
  30   1                      Uart01_SendByte(*str++);
  31   1      }
  32          
  33          void Uart02_Init()              //9600bps
  34          {
  35   1              SCON = 0x50;            //8位数据,可变波特率
  36   1              AUXR |= 0x01;           //串口1选择定时器2为波特率发生器
  37   1              AUXR |= 0x04;           //定时器时钟1T模式
  38   1              T2L = 0xE0;             //设置定时初始值
  39   1              T2H = 0xFE;             //设置定时初始值
  40   1              AUXR |= 0x10;           //定时器2开始计时
  41   1      
  42   1          IE2 &= 0xFE;   //先对需要设置的位进行清零 1111 1110
  43   1          IE2 |= 0x01;   // | ESPI | ES2 允许UART2中断
  44   1          EA = 1;        //允许总中断
  45   1      
  46   1              P_SW2 &=~ 0X01; //选择 P10RX P11TX
  47   1      }
  48          
  49          /***********发送*********/
  50          void Uart02_SendData(unsigned char dat)
  51          {
  52   1          while (busy); // 等待前面的数据发送完成
  53   1          busy = 1;
  54   1          S2BUF = dat; // 写数据到UART2数据寄存器
C51 COMPILER V9.59.0.0   UART                                                              04/15/2023 19:23:46 PAGE 2   

  55   1      }
  56          
  57          /************发送字符串*******************/
  58          void Uart02_SendString(char *s)
  59          {
  60   1          while (*s) // 检测字符串结束标志
  61   1          {
  62   2              Uart02_SendData(*s++); // 发送当前字符
  63   2          }
  64   1      }
  65          


MODULE INFORMATION:   STATIC OVERLAYABLE
   CODE SIZE        =    175    ----
   CONSTANT SIZE    =   ----    ----
   XDATA SIZE       =   ----       6
   PDATA SIZE       =   ----    ----
   DATA SIZE        =   ----    ----
   IDATA SIZE       =   ----    ----
   BIT SIZE         =      1    ----
   EDATA SIZE       =   ----    ----
   HDATA SIZE       =   ----    ----
   XDATA CONST SIZE =   ----    ----
   FAR CONST SIZE   =   ----    ----
END OF MODULE INFORMATION.


C51 COMPILATION COMPLETE.  0 WARNING(S),  0 ERROR(S)
